c:\users\trand\documents\github\harmony_2d\harmony_2d\harmony_2d\debug\vc142.pdb
c:\users\trand\documents\github\harmony_2d\harmony_2d\harmony_2d\debug\vc142.idb
c:\users\trand\documents\github\harmony_2d\harmony_2d\harmony_2d\debug\textureloader.obj
c:\users\trand\documents\github\harmony_2d\harmony_2d\harmony_2d\debug\textlabel.obj
c:\users\trand\documents\github\harmony_2d\harmony_2d\harmony_2d\debug\shaderloader.obj
c:\users\trand\documents\github\harmony_2d\harmony_2d\harmony_2d\debug\newmesh.obj
c:\users\trand\documents\github\harmony_2d\harmony_2d\harmony_2d\debug\mesh.obj
c:\users\trand\documents\github\harmony_2d\harmony_2d\harmony_2d\debug\main.obj
c:\users\trand\documents\github\harmony_2d\harmony_2d\harmony_2d\debug\gameobject.obj
c:\users\trand\documents\github\harmony_2d\harmony_2d\harmony_2d\debug\fontloader.obj
c:\users\trand\documents\github\harmony_2d\harmony_2d\harmony_2d\debug\camera.obj
c:\users\trand\documents\github\harmony_2d\harmony_2d\debug\harmony_2d.exe
c:\users\trand\documents\github\harmony_2d\harmony_2d\harmony_2d\debug\harmony_2d.ilk
c:\users\trand\documents\github\harmony_2d\harmony_2d\debug\harmony_2d.pdb
c:\users\trand\documents\github\harmony_2d\harmony_2d\harmony_2d\debug\camera.nativecodeanalysis.xml
c:\users\trand\documents\github\harmony_2d\harmony_2d\harmony_2d\debug\fontloader.nativecodeanalysis.xml
c:\users\trand\documents\github\harmony_2d\harmony_2d\harmony_2d\debug\gameobject.nativecodeanalysis.xml
c:\users\trand\documents\github\harmony_2d\harmony_2d\harmony_2d\debug\main.nativecodeanalysis.xml
c:\users\trand\documents\github\harmony_2d\harmony_2d\harmony_2d\debug\mesh.nativecodeanalysis.xml
c:\users\trand\documents\github\harmony_2d\harmony_2d\harmony_2d\debug\newmesh.nativecodeanalysis.xml
c:\users\trand\documents\github\harmony_2d\harmony_2d\harmony_2d\debug\shaderloader.nativecodeanalysis.xml
c:\users\trand\documents\github\harmony_2d\harmony_2d\harmony_2d\debug\textlabel.nativecodeanalysis.xml
c:\users\trand\documents\github\harmony_2d\harmony_2d\harmony_2d\debug\textureloader.nativecodeanalysis.xml
c:\users\trand\documents\github\harmony_2d\harmony_2d\harmony_2d\debug\vc.nativecodeanalysis.all.xml
c:\users\trand\documents\github\harmony_2d\harmony_2d\harmony_2d\debug\harmony_2d.tlog\cl.command.1.tlog
c:\users\trand\documents\github\harmony_2d\harmony_2d\harmony_2d\debug\harmony_2d.tlog\cl.read.1.tlog
c:\users\trand\documents\github\harmony_2d\harmony_2d\harmony_2d\debug\harmony_2d.tlog\cl.write.1.tlog
c:\users\trand\documents\github\harmony_2d\harmony_2d\harmony_2d\debug\harmony_2d.tlog\link.command.1.tlog
c:\users\trand\documents\github\harmony_2d\harmony_2d\harmony_2d\debug\harmony_2d.tlog\link.read.1.tlog
c:\users\trand\documents\github\harmony_2d\harmony_2d\harmony_2d\debug\harmony_2d.tlog\link.write.1.tlog
