  Camera.cpp
  Main.cpp
D:\Users\mds00002d0\Documents\Git\Harmony_2D\Harmony_2D\Harmony_2D\Main.cpp(196,82): warning C4244: 'argument': conversion from 'double' to 'float', possible loss of data
  Mesh.cpp
D:\Users\mds00002d0\Documents\Git\Harmony_2D\Harmony_2D\Harmony_2D\Mesh.cpp(324,58): warning C4244: 'argument': conversion from 'genType' to 'const unsigned __int64', possible loss of data
          with
          [
              genType=float
          ]
  ShaderLoader.cpp
  TextLabel.cpp
  TextureLoader.cpp
  Generating Code...
Main.obj : error LNK2019: unresolved external symbol __imp_glewInit referenced in function "void __cdecl InitGLEW(void)" (?InitGLEW@@YAXXZ)
Main.obj : error LNK2019: unresolved external symbol glfwInit referenced in function "void __cdecl InitGLFW(void)" (?InitGLFW@@YAXXZ)
Main.obj : error LNK2019: unresolved external symbol glfwTerminate referenced in function "int __cdecl Cleanup(void)" (?Cleanup@@YAHXZ)
Main.obj : error LNK2019: unresolved external symbol glfwWindowHint referenced in function "void __cdecl InitGLFW(void)" (?InitGLFW@@YAXXZ)
Main.obj : error LNK2019: unresolved external symbol glfwCreateWindow referenced in function "void __cdecl InitGLFW(void)" (?InitGLFW@@YAXXZ)
Main.obj : error LNK2019: unresolved external symbol glfwDestroyWindow referenced in function "int __cdecl Cleanup(void)" (?Cleanup@@YAHXZ)
Main.obj : error LNK2019: unresolved external symbol glfwSetWindowSizeCallback referenced in function "void __cdecl InitGLFW(void)" (?InitGLFW@@YAXXZ)
Main.obj : error LNK2019: unresolved external symbol glfwPollEvents referenced in function "void __cdecl Update(void)" (?Update@@YAXXZ)
Main.obj : error LNK2019: unresolved external symbol glfwSetInputMode referenced in function "void __cdecl HandleMouseVisible(void)" (?HandleMouseVisible@@YAXXZ)
Main.obj : error LNK2019: unresolved external symbol glfwSetKeyCallback referenced in function "void __cdecl InitGLFW(void)" (?InitGLFW@@YAXXZ)
Main.obj : error LNK2019: unresolved external symbol glfwGetTime referenced in function "void __cdecl CalculateDeltaTime(void)" (?CalculateDeltaTime@@YAXXZ)
Mesh.obj : error LNK2001: unresolved external symbol glfwGetTime
TextLabel.obj : error LNK2001: unresolved external symbol glfwGetTime
Main.obj : error LNK2019: unresolved external symbol glfwMakeContextCurrent referenced in function "void __cdecl InitGLFW(void)" (?InitGLFW@@YAXXZ)
Main.obj : error LNK2019: unresolved external symbol glfwSwapBuffers referenced in function "void __cdecl Render(void)" (?Render@@YAXXZ)
Mesh.obj : error LNK2019: unresolved external symbol __imp___glewActiveTexture referenced in function "public: void __cdecl Mesh::Draw(void)" (?Draw@Mesh@@QEAAXXZ)
TextLabel.obj : error LNK2001: unresolved external symbol __imp___glewActiveTexture
Mesh.obj : error LNK2019: unresolved external symbol __imp___glewBindBuffer referenced in function "public: __cdecl Mesh::~Mesh(void)" (??1Mesh@@QEAA@XZ)
TextLabel.obj : error LNK2001: unresolved external symbol __imp___glewBindBuffer
Mesh.obj : error LNK2019: unresolved external symbol __imp___glewBufferData referenced in function "private: void __cdecl Mesh::Init(enum SHAPE &&)" (?Init@Mesh@@AEAAX$$QEAW4SHAPE@@@Z)
TextLabel.obj : error LNK2001: unresolved external symbol __imp___glewBufferData
Mesh.obj : error LNK2019: unresolved external symbol __imp___glewBufferSubData referenced in function "public: void __cdecl Mesh::Draw(void)" (?Draw@Mesh@@QEAAXXZ)
TextLabel.obj : error LNK2001: unresolved external symbol __imp___glewBufferSubData
Mesh.obj : error LNK2019: unresolved external symbol __imp___glewDeleteBuffers referenced in function "public: __cdecl Mesh::~Mesh(void)" (??1Mesh@@QEAA@XZ)
Mesh.obj : error LNK2019: unresolved external symbol __imp___glewGenBuffers referenced in function "private: void __cdecl Mesh::Init(enum SHAPE &&)" (?Init@Mesh@@AEAAX$$QEAW4SHAPE@@@Z)
TextLabel.obj : error LNK2001: unresolved external symbol __imp___glewGenBuffers
Mesh.obj : error LNK2019: unresolved external symbol __imp___glewEnableVertexAttribArray referenced in function "private: void __cdecl Mesh::Init(enum SHAPE &&)" (?Init@Mesh@@AEAAX$$QEAW4SHAPE@@@Z)
TextLabel.obj : error LNK2001: unresolved external symbol __imp___glewEnableVertexAttribArray
Mesh.obj : error LNK2019: unresolved external symbol __imp___glewUseProgram referenced in function "public: __cdecl Mesh::~Mesh(void)" (??1Mesh@@QEAA@XZ)
ShaderLoader.obj : error LNK2001: unresolved external symbol __imp___glewUseProgram
TextLabel.obj : error LNK2001: unresolved external symbol __imp___glewUseProgram
Mesh.obj : error LNK2019: unresolved external symbol __imp___glewVertexAttribPointer referenced in function "private: void __cdecl Mesh::Init(enum SHAPE &&)" (?Init@Mesh@@AEAAX$$QEAW4SHAPE@@@Z)
TextLabel.obj : error LNK2001: unresolved external symbol __imp___glewVertexAttribPointer
Mesh.obj : error LNK2019: unresolved external symbol __imp___glewBindBufferRange referenced in function "private: void __cdecl Mesh::Init(enum SHAPE &&)" (?Init@Mesh@@AEAAX$$QEAW4SHAPE@@@Z)
Mesh.obj : error LNK2019: unresolved external symbol __imp___glewGetUniformBlockIndex referenced in function "private: void __cdecl Mesh::Init(enum SHAPE &&)" (?Init@Mesh@@AEAAX$$QEAW4SHAPE@@@Z)
Mesh.obj : error LNK2019: unresolved external symbol __imp___glewUniformBlockBinding referenced in function "private: void __cdecl Mesh::Init(enum SHAPE &&)" (?Init@Mesh@@AEAAX$$QEAW4SHAPE@@@Z)
Mesh.obj : error LNK2019: unresolved external symbol __imp___glewBindVertexArray referenced in function "public: __cdecl Mesh::~Mesh(void)" (??1Mesh@@QEAA@XZ)
TextLabel.obj : error LNK2001: unresolved external symbol __imp___glewBindVertexArray
Mesh.obj : error LNK2019: unresolved external symbol __imp___glewDeleteVertexArrays referenced in function "public: __cdecl Mesh::~Mesh(void)" (??1Mesh@@QEAA@XZ)
Mesh.obj : error LNK2019: unresolved external symbol __imp___glewGenVertexArrays referenced in function "private: void __cdecl Mesh::Init(enum SHAPE &&)" (?Init@Mesh@@AEAAX$$QEAW4SHAPE@@@Z)
TextLabel.obj : error LNK2001: unresolved external symbol __imp___glewGenVertexArrays
ShaderLoader.obj : error LNK2019: unresolved external symbol __imp___glewAttachShader referenced in function "public: static unsigned int __cdecl ShaderLoader::CreateShader(class std::basic_string_view<char,struct std::char_traits<char> >,class std::basic_string_view<char,struct std::char_traits<char> >)" (?CreateShader@ShaderLoader@@SAIV?$basic_string_view@DU?$char_traits@D@std@@@std@@0@Z)
ShaderLoader.obj : error LNK2019: unresolved external symbol __imp___glewCompileShader referenced in function "private: static unsigned int __cdecl ShaderLoader::CompileShader(unsigned int &&,class std::basic_string<char,struct std::char_traits<char>,class std::allocator<char> > &&)" (?CompileShader@ShaderLoader@@CAI$$QEAI$$QEAV?$basic_string@DU?$char_traits@D@std@@V?$allocator@D@2@@std@@@Z)
ShaderLoader.obj : error LNK2019: unresolved external symbol __imp___glewCreateProgram referenced in function "public: static unsigned int __cdecl ShaderLoader::CreateShader(class std::basic_string_view<char,struct std::char_traits<char> >,class std::basic_string_view<char,struct std::char_traits<char> >)" (?CreateShader@ShaderLoader@@SAIV?$basic_string_view@DU?$char_traits@D@std@@@std@@0@Z)
ShaderLoader.obj : error LNK2019: unresolved external symbol __imp___glewCreateShader referenced in function "private: static unsigned int __cdecl ShaderLoader::CompileShader(unsigned int &&,class std::basic_string<char,struct std::char_traits<char>,class std::allocator<char> > &&)" (?CompileShader@ShaderLoader@@CAI$$QEAI$$QEAV?$basic_string@DU?$char_traits@D@std@@V?$allocator@D@2@@std@@@Z)
ShaderLoader.obj : error LNK2019: unresolved external symbol __imp___glewDeleteProgram referenced in function "public: __cdecl ShaderLoader::~ShaderLoader(void)" (??1ShaderLoader@@QEAA@XZ)
ShaderLoader.obj : error LNK2019: unresolved external symbol __imp___glewDeleteShader referenced in function "public: __cdecl ShaderLoader::~ShaderLoader(void)" (??1ShaderLoader@@QEAA@XZ)
ShaderLoader.obj : error LNK2019: unresolved external symbol __imp___glewGetProgramInfoLog referenced in function "public: static unsigned int __cdecl ShaderLoader::CreateShader(class std::basic_string_view<char,struct std::char_traits<char> >,class std::basic_string_view<char,struct std::char_traits<char> >)" (?CreateShader@ShaderLoader@@SAIV?$basic_string_view@DU?$char_traits@D@std@@@std@@0@Z)
ShaderLoader.obj : error LNK2019: unresolved external symbol __imp___glewGetProgramiv referenced in function "public: static unsigned int __cdecl ShaderLoader::CreateShader(class std::basic_string_view<char,struct std::char_traits<char> >,class std::basic_string_view<char,struct std::char_traits<char> >)" (?CreateShader@ShaderLoader@@SAIV?$basic_string_view@DU?$char_traits@D@std@@@std@@0@Z)
ShaderLoader.obj : error LNK2019: unresolved external symbol __imp___glewGetShaderInfoLog referenced in function "private: static unsigned int __cdecl ShaderLoader::CompileShader(unsigned int &&,class std::basic_string<char,struct std::char_traits<char>,class std::allocator<char> > &&)" (?CompileShader@ShaderLoader@@CAI$$QEAI$$QEAV?$basic_string@DU?$char_traits@D@std@@V?$allocator@D@2@@std@@@Z)
ShaderLoader.obj : error LNK2019: unresolved external symbol __imp___glewGetShaderiv referenced in function "private: static unsigned int __cdecl ShaderLoader::CompileShader(unsigned int &&,class std::basic_string<char,struct std::char_traits<char>,class std::allocator<char> > &&)" (?CompileShader@ShaderLoader@@CAI$$QEAI$$QEAV?$basic_string@DU?$char_traits@D@std@@V?$allocator@D@2@@std@@@Z)
ShaderLoader.obj : error LNK2019: unresolved external symbol __imp___glewGetUniformLocation referenced in function "public: static void __cdecl ShaderLoader::SetUniform1f(unsigned int &&,class std::basic_string_view<char,struct std::char_traits<char> > &&,float &&)" (?SetUniform1f@ShaderLoader@@SAX$$QEAI$$QEAV?$basic_string_view@DU?$char_traits@D@std@@@std@@$$QEAM@Z)
ShaderLoader.obj : error LNK2019: unresolved external symbol __imp___glewLinkProgram referenced in function "public: static unsigned int __cdecl ShaderLoader::CreateShader(class std::basic_string_view<char,struct std::char_traits<char> >,class std::basic_string_view<char,struct std::char_traits<char> >)" (?CreateShader@ShaderLoader@@SAIV?$basic_string_view@DU?$char_traits@D@std@@@std@@0@Z)
ShaderLoader.obj : error LNK2019: unresolved external symbol __imp___glewShaderSource referenced in function "private: static unsigned int __cdecl ShaderLoader::CompileShader(unsigned int &&,class std::basic_string<char,struct std::char_traits<char>,class std::allocator<char> > &&)" (?CompileShader@ShaderLoader@@CAI$$QEAI$$QEAV?$basic_string@DU?$char_traits@D@std@@V?$allocator@D@2@@std@@@Z)
ShaderLoader.obj : error LNK2019: unresolved external symbol __imp___glewUniform1f referenced in function "public: static void __cdecl ShaderLoader::SetUniform1f(unsigned int &&,class std::basic_string_view<char,struct std::char_traits<char> > &&,float &&)" (?SetUniform1f@ShaderLoader@@SAX$$QEAI$$QEAV?$basic_string_view@DU?$char_traits@D@std@@@std@@$$QEAM@Z)
ShaderLoader.obj : error LNK2019: unresolved external symbol __imp___glewUniform1i referenced in function "public: static void __cdecl ShaderLoader::SetUniform1i(unsigned int &&,class std::basic_string_view<char,struct std::char_traits<char> > &&,int &&)" (?SetUniform1i@ShaderLoader@@SAX$$QEAI$$QEAV?$basic_string_view@DU?$char_traits@D@std@@@std@@$$QEAH@Z)
ShaderLoader.obj : error LNK2019: unresolved external symbol __imp___glewUniform2f referenced in function "public: static void __cdecl ShaderLoader::SetUniform2f(unsigned int &&,class std::basic_string_view<char,struct std::char_traits<char> > &&,float &&,float &&)" (?SetUniform2f@ShaderLoader@@SAX$$QEAI$$QEAV?$basic_string_view@DU?$char_traits@D@std@@@std@@$$QEAM2@Z)
ShaderLoader.obj : error LNK2019: unresolved external symbol __imp___glewUniform2i referenced in function "public: static void __cdecl ShaderLoader::SetUniform2i(unsigned int &&,class std::basic_string_view<char,struct std::char_traits<char> > &&,int &&,int &&)" (?SetUniform2i@ShaderLoader@@SAX$$QEAI$$QEAV?$basic_string_view@DU?$char_traits@D@std@@@std@@$$QEAH2@Z)
ShaderLoader.obj : error LNK2019: unresolved external symbol __imp___glewUniform3f referenced in function "public: static void __cdecl ShaderLoader::SetUniform3f(unsigned int &&,class std::basic_string_view<char,struct std::char_traits<char> > &&,float &&,float &&,float &&)" (?SetUniform3f@ShaderLoader@@SAX$$QEAI$$QEAV?$basic_string_view@DU?$char_traits@D@std@@@std@@$$QEAM22@Z)
ShaderLoader.obj : error LNK2019: unresolved external symbol __imp___glewUniform3fv referenced in function "public: static void __cdecl ShaderLoader::SetUniform3fv(unsigned int &&,class std::basic_string_view<char,struct std::char_traits<char> > &&,struct glm::vec<3,float,0> &&)" (?SetUniform3fv@ShaderLoader@@SAX$$QEAI$$QEAV?$basic_string_view@DU?$char_traits@D@std@@@std@@$$QEAU?$vec@$02M$0A@@glm@@@Z)
ShaderLoader.obj : error LNK2019: unresolved external symbol __imp___glewUniform3i referenced in function "public: static void __cdecl ShaderLoader::SetUniform3i(unsigned int &&,class std::basic_string_view<char,struct std::char_traits<char> > &&,int &&,int &&,int &&)" (?SetUniform3i@ShaderLoader@@SAX$$QEAI$$QEAV?$basic_string_view@DU?$char_traits@D@std@@@std@@$$QEAH22@Z)
ShaderLoader.obj : error LNK2019: unresolved external symbol __imp___glewUniform3iv referenced in function "public: static void __cdecl ShaderLoader::SetUniform3iv(unsigned int &&,class std::basic_string_view<char,struct std::char_traits<char> > &&,struct glm::vec<3,int,0> &&)" (?SetUniform3iv@ShaderLoader@@SAX$$QEAI$$QEAV?$basic_string_view@DU?$char_traits@D@std@@@std@@$$QEAU?$vec@$02H$0A@@glm@@@Z)
ShaderLoader.obj : error LNK2019: unresolved external symbol __imp___glewUniform4fv referenced in function "public: static void __cdecl ShaderLoader::SetUniform4fv(unsigned int &&,class std::basic_string_view<char,struct std::char_traits<char> > &&,struct glm::vec<4,float,0> &&)" (?SetUniform4fv@ShaderLoader@@SAX$$QEAI$$QEAV?$basic_string_view@DU?$char_traits@D@std@@@std@@$$QEAU?$vec@$03M$0A@@glm@@@Z)
ShaderLoader.obj : error LNK2019: unresolved external symbol __imp___glewUniformMatrix4fv referenced in function "public: static void __cdecl ShaderLoader::SetUniformMatrix4fv(unsigned int &&,class std::basic_string_view<char,struct std::char_traits<char> > &&,struct glm::mat<4,4,float,0> &&)" (?SetUniformMatrix4fv@ShaderLoader@@SAX$$QEAI$$QEAV?$basic_string_view@DU?$char_traits@D@std@@@std@@$$QEAU?$mat@$03$03M$0A@@glm@@@Z)
ShaderLoader.obj : error LNK2019: unresolved external symbol __imp___glewValidateProgram referenced in function "public: static unsigned int __cdecl ShaderLoader::CreateShader(class std::basic_string_view<char,struct std::char_traits<char> >,class std::basic_string_view<char,struct std::char_traits<char> >)" (?CreateShader@ShaderLoader@@SAIV?$basic_string_view@DU?$char_traits@D@std@@@std@@0@Z)
TextLabel.obj : error LNK2019: unresolved external symbol FT_Init_FreeType referenced in function "public: __cdecl TextLabel::TextLabel(struct glm::vec<2,int,0> *,class std::basic_string_view<char,struct std::char_traits<char> > &&,class std::basic_string_view<char,struct std::char_traits<char> > &&,double &,struct glm::vec<2,float,0> &&,struct glm::vec<4,float,0> &&,struct glm::vec<2,float,0> &&)" (??0TextLabel@@QEAA@PEAU?$vec@$01H$0A@@glm@@$$QEAV?$basic_string_view@DU?$char_traits@D@std@@@std@@1AEAN$$QEAU?$vec@$01M$0A@@2@$$QEAU?$vec@$03M$0A@@2@3@Z)
TextLabel.obj : error LNK2019: unresolved external symbol FT_Done_FreeType referenced in function "public: __cdecl TextLabel::TextLabel(struct glm::vec<2,int,0> *,class std::basic_string_view<char,struct std::char_traits<char> > &&,class std::basic_string_view<char,struct std::char_traits<char> > &&,double &,struct glm::vec<2,float,0> &&,struct glm::vec<4,float,0> &&,struct glm::vec<2,float,0> &&)" (??0TextLabel@@QEAA@PEAU?$vec@$01H$0A@@glm@@$$QEAV?$basic_string_view@DU?$char_traits@D@std@@@std@@1AEAN$$QEAU?$vec@$01M$0A@@2@$$QEAU?$vec@$03M$0A@@2@3@Z)
TextLabel.obj : error LNK2019: unresolved external symbol FT_New_Face referenced in function "public: __cdecl TextLabel::TextLabel(struct glm::vec<2,int,0> *,class std::basic_string_view<char,struct std::char_traits<char> > &&,class std::basic_string_view<char,struct std::char_traits<char> > &&,double &,struct glm::vec<2,float,0> &&,struct glm::vec<4,float,0> &&,struct glm::vec<2,float,0> &&)" (??0TextLabel@@QEAA@PEAU?$vec@$01H$0A@@glm@@$$QEAV?$basic_string_view@DU?$char_traits@D@std@@@std@@1AEAN$$QEAU?$vec@$01M$0A@@2@$$QEAU?$vec@$03M$0A@@2@3@Z)
TextLabel.obj : error LNK2019: unresolved external symbol FT_Done_Face referenced in function "public: __cdecl TextLabel::TextLabel(struct glm::vec<2,int,0> *,class std::basic_string_view<char,struct std::char_traits<char> > &&,class std::basic_string_view<char,struct std::char_traits<char> > &&,double &,struct glm::vec<2,float,0> &&,struct glm::vec<4,float,0> &&,struct glm::vec<2,float,0> &&)" (??0TextLabel@@QEAA@PEAU?$vec@$01H$0A@@glm@@$$QEAV?$basic_string_view@DU?$char_traits@D@std@@@std@@1AEAN$$QEAU?$vec@$01M$0A@@2@$$QEAU?$vec@$03M$0A@@2@3@Z)
TextLabel.obj : error LNK2019: unresolved external symbol FT_Set_Pixel_Sizes referenced in function "public: __cdecl TextLabel::TextLabel(struct glm::vec<2,int,0> *,class std::basic_string_view<char,struct std::char_traits<char> > &&,class std::basic_string_view<char,struct std::char_traits<char> > &&,double &,struct glm::vec<2,float,0> &&,struct glm::vec<4,float,0> &&,struct glm::vec<2,float,0> &&)" (??0TextLabel@@QEAA@PEAU?$vec@$01H$0A@@glm@@$$QEAV?$basic_string_view@DU?$char_traits@D@std@@@std@@1AEAN$$QEAU?$vec@$01M$0A@@2@$$QEAU?$vec@$03M$0A@@2@3@Z)
TextLabel.obj : error LNK2019: unresolved external symbol FT_Load_Char referenced in function "public: __cdecl TextLabel::TextLabel(struct glm::vec<2,int,0> *,class std::basic_string_view<char,struct std::char_traits<char> > &&,class std::basic_string_view<char,struct std::char_traits<char> > &&,double &,struct glm::vec<2,float,0> &&,struct glm::vec<4,float,0> &&,struct glm::vec<2,float,0> &&)" (??0TextLabel@@QEAA@PEAU?$vec@$01H$0A@@glm@@$$QEAV?$basic_string_view@DU?$char_traits@D@std@@@std@@1AEAN$$QEAU?$vec@$01M$0A@@2@$$QEAU?$vec@$03M$0A@@2@3@Z)
TextureLoader.obj : error LNK2019: unresolved external symbol __imp___glewGenerateMipmap referenced in function "public: static struct Texture __cdecl TextureLoader::LoadTexture(char const *)" (?LoadTexture@TextureLoader@@SA?AUTexture@@PEBD@Z)
D:\Users\mds00002d0\Documents\Git\Harmony_2D\Harmony_2D\Harmony_2D\\lib\glfw3.lib : warning LNK4272: library machine type 'x86' conflicts with target machine type 'x64'
D:\Users\mds00002d0\Documents\Git\Harmony_2D\Harmony_2D\Harmony_2D\\lib\glew32.lib : warning LNK4272: library machine type 'x86' conflicts with target machine type 'x64'
D:\Users\mds00002d0\Documents\Git\Harmony_2D\Harmony_2D\Harmony_2D\\lib\freetyped.lib : warning LNK4272: library machine type 'x86' conflicts with target machine type 'x64'
D:\Users\mds00002d0\Documents\Git\Harmony_2D\Harmony_2D\x64\Debug\Harmony_2D.exe : fatal error LNK1120: 59 unresolved externals
