c:\users\trand\documents\github\harmony_2d\harmony_2d\harmony_2d\x64\debug\vc143.pdb
c:\users\trand\documents\github\harmony_2d\harmony_2d\harmony_2d\x64\debug\vc143.idb
c:\users\trand\documents\github\harmony_2d\harmony_2d\harmony_2d\x64\debug\camera.obj
c:\users\trand\documents\github\harmony_2d\harmony_2d\harmony_2d\x64\debug\ccamera.obj
c:\users\trand\documents\github\harmony_2d\harmony_2d\harmony_2d\x64\debug\main.obj
c:\users\trand\documents\github\harmony_2d\harmony_2d\harmony_2d\x64\debug\mesh.obj
c:\users\trand\documents\github\harmony_2d\harmony_2d\x64\debug\harmony_2d.pdb
c:\users\trand\documents\github\harmony_2d\harmony_2d\harmony_2d\x64\debug\harmony_2d.tlog\cl.command.1.tlog
c:\users\trand\documents\github\harmony_2d\harmony_2d\harmony_2d\x64\debug\harmony_2d.tlog\cl.read.1.tlog
c:\users\trand\documents\github\harmony_2d\harmony_2d\harmony_2d\x64\debug\harmony_2d.tlog\cl.write.1.tlog
c:\users\trand\documents\github\harmony_2d\harmony_2d\harmony_2d\x64\debug\harmony_2d.tlog\link-cvtres.read.1.tlog
c:\users\trand\documents\github\harmony_2d\harmony_2d\harmony_2d\x64\debug\harmony_2d.tlog\link-cvtres.write.1.tlog
c:\users\trand\documents\github\harmony_2d\harmony_2d\harmony_2d\x64\debug\harmony_2d.tlog\link-rc.read.1.tlog
c:\users\trand\documents\github\harmony_2d\harmony_2d\harmony_2d\x64\debug\harmony_2d.tlog\link-rc.write.1.tlog
c:\users\trand\documents\github\harmony_2d\harmony_2d\harmony_2d\x64\debug\harmony_2d.tlog\link.12932-cvtres.read.1.tlog
c:\users\trand\documents\github\harmony_2d\harmony_2d\harmony_2d\x64\debug\harmony_2d.tlog\link.12932-cvtres.write.1.tlog
c:\users\trand\documents\github\harmony_2d\harmony_2d\harmony_2d\x64\debug\harmony_2d.tlog\link.12932-rc.read.1.tlog
c:\users\trand\documents\github\harmony_2d\harmony_2d\harmony_2d\x64\debug\harmony_2d.tlog\link.12932-rc.write.1.tlog
c:\users\trand\documents\github\harmony_2d\harmony_2d\harmony_2d\x64\debug\harmony_2d.tlog\link.12932.read.1.tlog
c:\users\trand\documents\github\harmony_2d\harmony_2d\harmony_2d\x64\debug\harmony_2d.tlog\link.12932.read.2.tlog
c:\users\trand\documents\github\harmony_2d\harmony_2d\harmony_2d\x64\debug\harmony_2d.tlog\link.12932.write.1.tlog
c:\users\trand\documents\github\harmony_2d\harmony_2d\harmony_2d\x64\debug\harmony_2d.tlog\link.command.1.tlog
c:\users\trand\documents\github\harmony_2d\harmony_2d\harmony_2d\x64\debug\harmony_2d.tlog\link.read.1.tlog
c:\users\trand\documents\github\harmony_2d\harmony_2d\harmony_2d\x64\debug\harmony_2d.tlog\link.read.2.tlog
c:\users\trand\documents\github\harmony_2d\harmony_2d\harmony_2d\x64\debug\harmony_2d.tlog\link.write.1.tlog
